app/build/intermediates/manifest_merge_blame_file/debug/manifest-merger-blame-debug-report.txt
1<?xml version="1.0" encoding="utf-8"?>
2<manifest xmlns:android="http://schemas.android.com/apk/res/android"
3    package="one.devya.testmonitor"
4    android:versionCode="1"
5    android:versionName="1.0" >
6
7    <uses-sdk
7-->src\main\AndroidManifest.xml:5:5-44
8        android:minSdkVersion="21"
8-->src\main\AndroidManifest.xml:5:15-41
9        android:targetSdkVersion="31" />
9-->src\main\AndroidManifest.xml:5:5-44
10
11    <uses-permission android:name="android.permission.ACCESS_WIFI_STATE" />
11-->src\main\AndroidManifest.xml:7:5-76
11-->src\main\AndroidManifest.xml:7:22-73
12    <uses-permission android:name="android.permission.CHANGE_WIFI_STATE" />
12-->src\main\AndroidManifest.xml:8:5-76
12-->src\main\AndroidManifest.xml:8:22-73
13    <uses-permission android:name="android.permission.ACCESS_FINE_LOCATION" />
13-->src\main\AndroidManifest.xml:9:5-79
13-->src\main\AndroidManifest.xml:9:22-76
14    <uses-permission android:name="android.permission.CHANGE_NETWORK_STATE" />
14-->src\main\AndroidManifest.xml:10:5-79
14-->src\main\AndroidManifest.xml:10:22-76
15    <uses-permission android:name="android.permission.INTERNET" />
15-->src\main\AndroidManifest.xml:11:5-67
15-->src\main\AndroidManifest.xml:11:22-64
16    <uses-permission android:name="android.permission.ACCESS_NETWORK_STATE" />
16-->src\main\AndroidManifest.xml:12:5-79
16-->src\main\AndroidManifest.xml:12:22-76
17    <uses-permission android:name="android.permission.RECORD_AUDIO" />
17-->src\main\AndroidManifest.xml:13:5-71
17-->src\main\AndroidManifest.xml:13:22-68
18
19    <application
19-->src\main\AndroidManifest.xml:15:5-58:19
20        android:allowBackup="true"
20-->src\main\AndroidManifest.xml:16:9-35
21        android:appComponentFactory="androidx.core.app.CoreComponentFactory"
21-->[androidx.core:core:1.7.0] AndroidManifest.xml:24:18-86
22        android:debuggable="true"
23        android:icon="@mipmap/ic_launcher"
23-->src\main\AndroidManifest.xml:17:9-43
24        android:label="@string/app_name"
24-->src\main\AndroidManifest.xml:18:9-41
25        android:roundIcon="@mipmap/ic_launcher_round"
25-->src\main\AndroidManifest.xml:19:9-54
26        android:supportsRtl="true"
26-->src\main\AndroidManifest.xml:20:9-35
27        android:testOnly="true"
28        android:theme="@style/Theme.Testmonitor" >
28-->src\main\AndroidManifest.xml:21:9-49
29        <activity
29-->src\main\AndroidManifest.xml:22:9-26:51
30            android:name="one.devya.testmonitor.ListenActivity"
30-->src\main\AndroidManifest.xml:23:13-43
31            android:configChanges="orientation"
31-->src\main\AndroidManifest.xml:25:13-48
32            android:exported="false"
32-->src\main\AndroidManifest.xml:24:13-37
33            android:screenOrientation="portrait" />
33-->src\main\AndroidManifest.xml:26:13-49
34        <activity
34-->src\main\AndroidManifest.xml:27:9-31:51
35            android:name="one.devya.testmonitor.ChildActivity"
35-->src\main\AndroidManifest.xml:28:13-42
36            android:configChanges="orientation"
36-->src\main\AndroidManifest.xml:30:13-48
37            android:exported="false"
37-->src\main\AndroidManifest.xml:29:13-37
38            android:screenOrientation="portrait" />
38-->src\main\AndroidManifest.xml:31:13-49
39        <activity
39-->src\main\AndroidManifest.xml:32:9-36:51
40            android:name="one.devya.testmonitor.ParentActivity"
40-->src\main\AndroidManifest.xml:33:13-43
41            android:configChanges="orientation"
41-->src\main\AndroidManifest.xml:35:13-48
42            android:exported="false"
42-->src\main\AndroidManifest.xml:34:13-37
43            android:screenOrientation="portrait" />
43-->src\main\AndroidManifest.xml:36:13-49
44        <activity
44-->src\main\AndroidManifest.xml:37:9-39:39
45            android:name="one.devya.testmonitor.peertopeerwifi"
45-->src\main\AndroidManifest.xml:38:13-43
46            android:exported="true" />
46-->src\main\AndroidManifest.xml:39:13-36
47        <activity
47-->src\main\AndroidManifest.xml:40:9-51:20
48            android:name="one.devya.testmonitor.SplashActivity"
48-->src\main\AndroidManifest.xml:41:13-43
49            android:configChanges="orientation"
49-->src\main\AndroidManifest.xml:43:13-48
50            android:exported="true"
50-->src\main\AndroidManifest.xml:42:13-36
51            android:screenOrientation="portrait"
51-->src\main\AndroidManifest.xml:44:13-49
52            android:theme="@style/SolashScreenThem" >
52-->src\main\AndroidManifest.xml:45:13-52
53            <intent-filter>
53-->src\main\AndroidManifest.xml:46:13-50:29
54                <action android:name="android.intent.action.MAIN" />
54-->src\main\AndroidManifest.xml:47:17-69
54-->src\main\AndroidManifest.xml:47:25-66
55
56                <category android:name="android.intent.category.LAUNCHER" />
56-->src\main\AndroidManifest.xml:49:17-77
56-->src\main\AndroidManifest.xml:49:27-74
57            </intent-filter>
58        </activity>
59        <activity
59-->src\main\AndroidManifest.xml:52:9-57:55
60            android:name="one.devya.testmonitor.MainActivity"
60-->src\main\AndroidManifest.xml:53:13-41
61            android:configChanges="orientation"
61-->src\main\AndroidManifest.xml:54:13-48
62            android:exported="true"
62-->src\main\AndroidManifest.xml:55:13-36
63            android:screenOrientation="portrait"
63-->src\main\AndroidManifest.xml:56:13-49
64            android:theme="@style/SolashScreenThem" />
64-->src\main\AndroidManifest.xml:57:13-52
65
66        <provider
66-->[androidx.emoji2:emoji2:1.0.0] AndroidManifest.xml:26:9-34:20
67            android:name="androidx.startup.InitializationProvider"
67-->[androidx.emoji2:emoji2:1.0.0] AndroidManifest.xml:27:13-67
68            android:authorities="one.devya.testmonitor.androidx-startup"
68-->[androidx.emoji2:emoji2:1.0.0] AndroidManifest.xml:28:13-68
69            android:exported="false" >
69-->[androidx.emoji2:emoji2:1.0.0] AndroidManifest.xml:29:13-37
70            <meta-data
70-->[androidx.emoji2:emoji2:1.0.0] AndroidManifest.xml:31:13-33:52
71                android:name="androidx.emoji2.text.EmojiCompatInitializer"
71-->[androidx.emoji2:emoji2:1.0.0] AndroidManifest.xml:32:17-75
72                android:value="androidx.startup" />
72-->[androidx.emoji2:emoji2:1.0.0] AndroidManifest.xml:33:17-49
73            <meta-data
73-->[androidx.lifecycle:lifecycle-process:2.4.0] AndroidManifest.xml:31:13-33:52
74                android:name="androidx.lifecycle.ProcessLifecycleInitializer"
74-->[androidx.lifecycle:lifecycle-process:2.4.0] AndroidManifest.xml:32:17-78
75                android:value="androidx.startup" />
75-->[androidx.lifecycle:lifecycle-process:2.4.0] AndroidManifest.xml:33:17-49
76        </provider>
77    </application>
78
79</manifest>